This is pdfTeX, Version 3.1415926-2.5-1.40.14 (TeX Live 2013) (format=pdflatex 2014.4.4)  11 APR 2015 22:01
entering extended mode
 restricted \write18 enabled.
 file:line:error style messages enabled.
 %&-line parsing enabled.
**thesisTemplate.tex
(./thesisTemplate.tex
LaTeX2e <2011/06/27>
Babel <3.9f> and hyphenation patterns for 78 languages loaded.
(./usydthesis.cls
Document Class: usydthesis 
(/usr/local/texlive/2013/texmf-dist/tex/latex/amscls/amsbook.cls
Document Class: amsbook 2009/07/02 v2.20.1
\linespacing=\dimen102
\normalparindent=\dimen103
\normaltopskip=\skip41
(/usr/local/texlive/2013/texmf-dist/tex/latex/amsmath/amsmath.sty
Package: amsmath 2013/01/14 v2.14 AMS math features
\@mathmargin=\skip42

For additional information on amsmath, use the `?' option.
(/usr/local/texlive/2013/texmf-dist/tex/latex/amsmath/amstext.sty
Package: amstext 2000/06/29 v2.01

(/usr/local/texlive/2013/texmf-dist/tex/latex/amsmath/amsgen.sty
File: amsgen.sty 1999/11/30 v2.0
\@emptytoks=\toks14
\ex@=\dimen104
))
(/usr/local/texlive/2013/texmf-dist/tex/latex/amsmath/amsbsy.sty
Package: amsbsy 1999/11/29 v1.2d
\pmbraise@=\dimen105
)
(/usr/local/texlive/2013/texmf-dist/tex/latex/amsmath/amsopn.sty
Package: amsopn 1999/12/14 v2.01 operator names
)
\inf@bad=\count79
LaTeX Info: Redefining \frac on input line 210.
\uproot@=\count80
\leftroot@=\count81
LaTeX Info: Redefining \overline on input line 306.
\classnum@=\count82
\DOTSCASE@=\count83
LaTeX Info: Redefining \ldots on input line 378.
LaTeX Info: Redefining \dots on input line 381.
LaTeX Info: Redefining \cdots on input line 466.
\Mathstrutbox@=\box26
\strutbox@=\box27
\big@size=\dimen106
LaTeX Font Info:    Redeclaring font encoding OML on input line 566.
LaTeX Font Info:    Redeclaring font encoding OMS on input line 567.
\macc@depth=\count84
\c@MaxMatrixCols=\count85
\dotsspace@=\muskip10
\c@parentequation=\count86
\dspbrk@lvl=\count87
\tag@help=\toks15
\row@=\count88
\column@=\count89
\maxfields@=\count90
\andhelp@=\toks16
\eqnshift@=\dimen107
\alignsep@=\dimen108
\tagshift@=\dimen109
\tagwidth@=\dimen110
\totwidth@=\dimen111
\lineht@=\dimen112
\@envbody=\toks17
\multlinegap=\skip43
\multlinetaggap=\skip44
\mathdisplay@stack=\toks18
LaTeX Info: Redefining \[ on input line 2665.
LaTeX Info: Redefining \] on input line 2666.
)
LaTeX Font Info:    Try loading font information for U+msa on input line 367.

(/usr/local/texlive/2013/texmf-dist/tex/latex/amsfonts/umsa.fd
File: umsa.fd 2013/01/14 v3.01 AMS symbols A
)
(/usr/local/texlive/2013/texmf-dist/tex/latex/amsfonts/amsfonts.sty
Package: amsfonts 2013/01/14 v3.01 Basic AMSFonts support
\symAMSa=\mathgroup4
\symAMSb=\mathgroup5
LaTeX Font Info:    Overwriting math alphabet `\mathfrak' in version `bold'
(Font)                  U/euf/m/n --> U/euf/b/n on input line 106.
)
\copyins=\insert233
\abstractbox=\box28
\listisep=\skip45
\c@part=\count91
\c@chapter=\count92
\c@section=\count93
\c@subsection=\count94
\c@subsubsection=\count95
\c@paragraph=\count96
\c@subparagraph=\count97
\c@figure=\count98
\c@table=\count99
\abovecaptionskip=\skip46
\belowcaptionskip=\skip47
\captionindent=\dimen113
\thm@style=\toks19
\thm@bodyfont=\toks20
\thm@headfont=\toks21
\thm@notefont=\toks22
\thm@headpunct=\toks23
\thm@preskip=\skip48
\thm@postskip=\skip49
\thm@headsep=\skip50
\dth@everypar=\toks24
)
(/usr/local/texlive/2013/texmf-dist/tex/latex/graphics/epsfig.sty
Package: epsfig 1999/02/16 v1.7a (e)psfig emulation (SPQR)

(/usr/local/texlive/2013/texmf-dist/tex/latex/graphics/graphicx.sty
Package: graphicx 1999/02/16 v1.0f Enhanced LaTeX Graphics (DPC,SPQR)

(/usr/local/texlive/2013/texmf-dist/tex/latex/graphics/keyval.sty
Package: keyval 1999/03/16 v1.13 key=value parser (DPC)
\KV@toks@=\toks25
)
(/usr/local/texlive/2013/texmf-dist/tex/latex/graphics/graphics.sty
Package: graphics 2009/02/05 v1.0o Standard LaTeX Graphics (DPC,SPQR)

(/usr/local/texlive/2013/texmf-dist/tex/latex/graphics/trig.sty
Package: trig 1999/03/16 v1.09 sin cos tan (DPC)
)
(/usr/local/texlive/2013/texmf-dist/tex/latex/latexconfig/graphics.cfg
File: graphics.cfg 2010/04/23 v1.9 graphics configuration of TeX Live
)
Package graphics Info: Driver file: pdftex.def on input line 91.

(/usr/local/texlive/2013/texmf-dist/tex/latex/pdftex-def/pdftex.def
File: pdftex.def 2011/05/27 v0.06d Graphics/color for pdfTeX

(/usr/local/texlive/2013/texmf-dist/tex/generic/oberdiek/infwarerr.sty
Package: infwarerr 2010/04/08 v1.3 Providing info/warning/error messages (HO)
)
(/usr/local/texlive/2013/texmf-dist/tex/generic/oberdiek/ltxcmds.sty
Package: ltxcmds 2011/11/09 v1.22 LaTeX kernel commands for general use (HO)
)
\Gread@gobject=\count100
))
\Gin@req@height=\dimen114
\Gin@req@width=\dimen115
)
\epsfxsize=\dimen116
\epsfysize=\dimen117
)
(./style/prettyref.sty
Package: style/prettyref 1998/07/09 v3.0

(/usr/local/texlive/2013/texmf-dist/tex/latex/tools/varioref.sty
Package: varioref 2011/10/02 v1.4z package for extended references (FMi)
\c@vrcnt=\count101
))
(/usr/local/texlive/2013/texmf-dist/tex/latex/amsfonts/amssymb.sty
Package: amssymb 2013/01/14 v3.01 AMS font symbols
)
(/usr/local/texlive/2013/texmf-dist/tex/latex/algorithms/algorithm.sty
Package: algorithm 2009/08/24 v0.1 Document Style `algorithm' - floating enviro
nment

(/usr/local/texlive/2013/texmf-dist/tex/latex/float/float.sty
Package: float 2001/11/08 v1.3d Float enhancements (AL)
\c@float@type=\count102
\float@exts=\toks26
\float@box=\box29
\@float@everytoks=\toks27
\@floatcapt=\box30
)
(/usr/local/texlive/2013/texmf-dist/tex/latex/base/ifthen.sty
Package: ifthen 2001/05/26 v1.1c Standard LaTeX ifthen package (DPC)
)
\@float@every@algorithm=\toks28
\c@algorithm=\count103
)
(/usr/local/texlive/2013/texmf-dist/tex/latex/algorithms/algorithmic.sty
Package: algorithmic 2009/08/24 v0.1 Document Style `algorithmic'
\c@ALC@unique=\count104
\c@ALC@line=\count105
\c@ALC@rem=\count106
\c@ALC@depth=\count107
\ALC@tlm=\skip51
\algorithmicindent=\skip52
)
(./style/footmisc.sty
Package: style/footmisc 2003/01/27 v5.2 a miscellany of footnote facilities
\FN@temptoken=\toks29
\footnotemargin=\dimen118
)
(/usr/local/texlive/2013/texmf-dist/tex/latex/psnfss/times.sty
Package: times 2005/04/12 PSNFSS-v9.2a (SPQR) 
)
(/usr/local/texlive/2013/texmf-dist/tex/latex/base/fontenc.sty
Package: fontenc 2005/09/27 v1.99g Standard LaTeX package

(/usr/local/texlive/2013/texmf-dist/tex/latex/base/t1enc.def
File: t1enc.def 2005/09/27 v1.99g Standard LaTeX file
LaTeX Font Info:    Redeclaring font encoding T1 on input line 43.
))
(/usr/local/texlive/2013/texmf-dist/tex/latex/base/textcomp.sty
Package: textcomp 2005/09/27 v1.99g Standard LaTeX package
Package textcomp Info: Sub-encoding information:
(textcomp)               5 = only ISO-Adobe without \textcurrency
(textcomp)               4 = 5 + \texteuro
(textcomp)               3 = 4 + \textohm
(textcomp)               2 = 3 + \textestimated + \textcurrency
(textcomp)               1 = TS1 - \textcircled - \t
(textcomp)               0 = TS1 (full)
(textcomp)             Font families with sub-encoding setting implement
(textcomp)             only a restricted character set as indicated.
(textcomp)             Family '?' is the default used for unknown fonts.
(textcomp)             See the documentation for details.
Package textcomp Info: Setting ? sub-encoding to TS1/1 on input line 71.

(/usr/local/texlive/2013/texmf-dist/tex/latex/base/ts1enc.def
File: ts1enc.def 2001/06/05 v3.0e (jk/car/fm) Standard LaTeX file
)
LaTeX Info: Redefining \oldstylenums on input line 266.
Package textcomp Info: Setting cmr sub-encoding to TS1/0 on input line 281.
Package textcomp Info: Setting cmss sub-encoding to TS1/0 on input line 282.
Package textcomp Info: Setting cmtt sub-encoding to TS1/0 on input line 283.
Package textcomp Info: Setting cmvtt sub-encoding to TS1/0 on input line 284.
Package textcomp Info: Setting cmbr sub-encoding to TS1/0 on input line 285.
Package textcomp Info: Setting cmtl sub-encoding to TS1/0 on input line 286.
Package textcomp Info: Setting ccr sub-encoding to TS1/0 on input line 287.
Package textcomp Info: Setting ptm sub-encoding to TS1/4 on input line 288.
Package textcomp Info: Setting pcr sub-encoding to TS1/4 on input line 289.
Package textcomp Info: Setting phv sub-encoding to TS1/4 on input line 290.
Package textcomp Info: Setting ppl sub-encoding to TS1/3 on input line 291.
Package textcomp Info: Setting pag sub-encoding to TS1/4 on input line 292.
Package textcomp Info: Setting pbk sub-encoding to TS1/4 on input line 293.
Package textcomp Info: Setting pnc sub-encoding to TS1/4 on input line 294.
Package textcomp Info: Setting pzc sub-encoding to TS1/4 on input line 295.
Package textcomp Info: Setting bch sub-encoding to TS1/4 on input line 296.
Package textcomp Info: Setting put sub-encoding to TS1/5 on input line 297.
Package textcomp Info: Setting uag sub-encoding to TS1/5 on input line 298.
Package textcomp Info: Setting ugq sub-encoding to TS1/5 on input line 299.
Package textcomp Info: Setting ul8 sub-encoding to TS1/4 on input line 300.
Package textcomp Info: Setting ul9 sub-encoding to TS1/4 on input line 301.
Package textcomp Info: Setting augie sub-encoding to TS1/5 on input line 302.
Package textcomp Info: Setting dayrom sub-encoding to TS1/3 on input line 303.
Package textcomp Info: Setting dayroms sub-encoding to TS1/3 on input line 304.

Package textcomp Info: Setting pxr sub-encoding to TS1/0 on input line 305.
Package textcomp Info: Setting pxss sub-encoding to TS1/0 on input line 306.
Package textcomp Info: Setting pxtt sub-encoding to TS1/0 on input line 307.
Package textcomp Info: Setting txr sub-encoding to TS1/0 on input line 308.
Package textcomp Info: Setting txss sub-encoding to TS1/0 on input line 309.
Package textcomp Info: Setting txtt sub-encoding to TS1/0 on input line 310.
Package textcomp Info: Setting lmr sub-encoding to TS1/0 on input line 311.
Package textcomp Info: Setting lmdh sub-encoding to TS1/0 on input line 312.
Package textcomp Info: Setting lmss sub-encoding to TS1/0 on input line 313.
Package textcomp Info: Setting lmssq sub-encoding to TS1/0 on input line 314.
Package textcomp Info: Setting lmvtt sub-encoding to TS1/0 on input line 315.
Package textcomp Info: Setting qhv sub-encoding to TS1/0 on input line 316.
Package textcomp Info: Setting qag sub-encoding to TS1/0 on input line 317.
Package textcomp Info: Setting qbk sub-encoding to TS1/0 on input line 318.
Package textcomp Info: Setting qcr sub-encoding to TS1/0 on input line 319.
Package textcomp Info: Setting qcs sub-encoding to TS1/0 on input line 320.
Package textcomp Info: Setting qpl sub-encoding to TS1/0 on input line 321.
Package textcomp Info: Setting qtm sub-encoding to TS1/0 on input line 322.
Package textcomp Info: Setting qzc sub-encoding to TS1/0 on input line 323.
Package textcomp Info: Setting qhvc sub-encoding to TS1/0 on input line 324.
Package textcomp Info: Setting futs sub-encoding to TS1/4 on input line 325.
Package textcomp Info: Setting futx sub-encoding to TS1/4 on input line 326.
Package textcomp Info: Setting futj sub-encoding to TS1/4 on input line 327.
Package textcomp Info: Setting hlh sub-encoding to TS1/3 on input line 328.
Package textcomp Info: Setting hls sub-encoding to TS1/3 on input line 329.
Package textcomp Info: Setting hlst sub-encoding to TS1/3 on input line 330.
Package textcomp Info: Setting hlct sub-encoding to TS1/5 on input line 331.
Package textcomp Info: Setting hlx sub-encoding to TS1/5 on input line 332.
Package textcomp Info: Setting hlce sub-encoding to TS1/5 on input line 333.
Package textcomp Info: Setting hlcn sub-encoding to TS1/5 on input line 334.
Package textcomp Info: Setting hlcw sub-encoding to TS1/5 on input line 335.
Package textcomp Info: Setting hlcf sub-encoding to TS1/5 on input line 336.
Package textcomp Info: Setting pplx sub-encoding to TS1/3 on input line 337.
Package textcomp Info: Setting pplj sub-encoding to TS1/3 on input line 338.
Package textcomp Info: Setting ptmx sub-encoding to TS1/4 on input line 339.
Package textcomp Info: Setting ptmj sub-encoding to TS1/4 on input line 340.
)
(/usr/local/texlive/2013/texmf-dist/tex/generic/misc/texnames.sty
This is texnames.sty, Version 1.10 <02 March 1998>
)
\c@lemma=\count108
) (/usr/local/texlive/2013/texmf-dist/tex/latex/base/alltt.sty
Package: alltt 1997/06/16 v2.0g defines alltt environment
)
(/usr/local/texlive/2013/texmf-dist/tex/latex/hyperref/hyperref.sty
Package: hyperref 2012/11/06 v6.83m Hypertext links for LaTeX

(/usr/local/texlive/2013/texmf-dist/tex/generic/oberdiek/hobsub-hyperref.sty
Package: hobsub-hyperref 2012/05/28 v1.13 Bundle oberdiek, subset hyperref (HO)


(/usr/local/texlive/2013/texmf-dist/tex/generic/oberdiek/hobsub-generic.sty
Package: hobsub-generic 2012/05/28 v1.13 Bundle oberdiek, subset generic (HO)
Package: hobsub 2012/05/28 v1.13 Construct package bundles (HO)
Package hobsub Info: Skipping package `infwarerr' (already loaded).
Package hobsub Info: Skipping package `ltxcmds' (already loaded).
Package: ifluatex 2010/03/01 v1.3 Provides the ifluatex switch (HO)
Package ifluatex Info: LuaTeX not detected.
Package: ifvtex 2010/03/01 v1.5 Detect VTeX and its facilities (HO)
Package ifvtex Info: VTeX not detected.
Package: intcalc 2007/09/27 v1.1 Expandable calculations with integers (HO)
Package: ifpdf 2011/01/30 v2.3 Provides the ifpdf switch (HO)
Package ifpdf Info: pdfTeX in PDF mode is detected.
Package: etexcmds 2011/02/16 v1.5 Avoid name clashes with e-TeX commands (HO)
Package etexcmds Info: Could not find \expanded.
(etexcmds)             That can mean that you are not using pdfTeX 1.50 or
(etexcmds)             that some package has redefined \expanded.
(etexcmds)             In the latter case, load this package earlier.
Package: kvsetkeys 2012/04/25 v1.16 Key value parser (HO)
Package: kvdefinekeys 2011/04/07 v1.3 Define keys (HO)
Package: pdftexcmds 2011/11/29 v0.20 Utility functions of pdfTeX for LuaTeX (HO
)
Package pdftexcmds Info: LuaTeX not detected.
Package pdftexcmds Info: \pdf@primitive is available.
Package pdftexcmds Info: \pdf@ifprimitive is available.
Package pdftexcmds Info: \pdfdraftmode found.
Package: pdfescape 2011/11/25 v1.13 Implements pdfTeX's escape features (HO)
Package: bigintcalc 2012/04/08 v1.3 Expandable calculations on big integers (HO
)
Package: bitset 2011/01/30 v1.1 Handle bit-vector datatype (HO)
Package: uniquecounter 2011/01/30 v1.2 Provide unlimited unique counter (HO)
)
Package hobsub Info: Skipping package `hobsub' (already loaded).
Package: letltxmacro 2010/09/02 v1.4 Let assignment for LaTeX macros (HO)
Package: hopatch 2012/05/28 v1.2 Wrapper for package hooks (HO)
Package: xcolor-patch 2011/01/30 xcolor patch
Package: atveryend 2011/06/30 v1.8 Hooks at the very end of document (HO)
Package atveryend Info: \enddocument detected (standard20110627).
Package: atbegshi 2011/10/05 v1.16 At begin shipout hook (HO)
Package: refcount 2011/10/16 v3.4 Data extraction from label references (HO)
Package: hycolor 2011/01/30 v1.7 Color options for hyperref/bookmark (HO)
)
(/usr/local/texlive/2013/texmf-dist/tex/generic/ifxetex/ifxetex.sty
Package: ifxetex 2010/09/12 v0.6 Provides ifxetex conditional
)
(/usr/local/texlive/2013/texmf-dist/tex/latex/oberdiek/auxhook.sty
Package: auxhook 2011/03/04 v1.3 Hooks for auxiliary files (HO)
)
(/usr/local/texlive/2013/texmf-dist/tex/latex/oberdiek/kvoptions.sty
Package: kvoptions 2011/06/30 v3.11 Key value format for package options (HO)
)
\@linkdim=\dimen119
\Hy@linkcounter=\count109
\Hy@pagecounter=\count110

(/usr/local/texlive/2013/texmf-dist/tex/latex/hyperref/pd1enc.def
File: pd1enc.def 2012/11/06 v6.83m Hyperref: PDFDocEncoding definition (HO)
)
\Hy@SavedSpaceFactor=\count111

(/usr/local/texlive/2013/texmf-dist/tex/latex/latexconfig/hyperref.cfg
File: hyperref.cfg 2002/06/06 v1.2 hyperref configuration of TeXLive
)
Package hyperref Info: Option `colorlinks' set `false' on input line 4319.
Package hyperref Info: Option `plainpages' set `false' on input line 4319.


Package hyperref Warning: Option `a4paper' is no longer used.

Package hyperref Info: Hyper figures OFF on input line 4443.
Package hyperref Info: Link nesting OFF on input line 4448.
Package hyperref Info: Hyper index ON on input line 4451.
Package hyperref Info: Plain pages OFF on input line 4458.
Package hyperref Info: Backreferencing OFF on input line 4463.
Package hyperref Info: Implicit mode ON; LaTeX internals redefined.
Package hyperref Info: Bookmarks ON on input line 4688.
\c@Hy@tempcnt=\count112
(/usr/local/texlive/2013/texmf-dist/tex/latex/url/url.sty
\Urlmuskip=\muskip11
Package: url 2006/04/12  ver 3.3  Verb mode for urls, etc.
)
LaTeX Info: Redefining \url on input line 5041.
\XeTeXLinkMargin=\dimen120
\Fld@menulength=\count113
\Field@Width=\dimen121
\Fld@charsize=\dimen122
Package hyperref Info: Hyper figures OFF on input line 6295.
Package hyperref Info: Link nesting OFF on input line 6300.
Package hyperref Info: Hyper index ON on input line 6303.
Package hyperref Info: backreferencing OFF on input line 6310.
Package hyperref Info: Link coloring OFF on input line 6315.
Package hyperref Info: Link coloring with OCG OFF on input line 6320.
Package hyperref Info: PDF/A mode OFF on input line 6325.
LaTeX Info: Redefining \ref on input line 6365.
LaTeX Info: Redefining \pageref on input line 6369.
\Hy@abspage=\count114
\c@Item=\count115
\c@Hfootnote=\count116
)

Package hyperref Message: Driver (autodetected): hpdftex.

(/usr/local/texlive/2013/texmf-dist/tex/latex/hyperref/hpdftex.def
File: hpdftex.def 2012/11/06 v6.83m Hyperref driver for pdfTeX
\Fld@listcount=\count117
\c@bookmark@seq@number=\count118

(/usr/local/texlive/2013/texmf-dist/tex/latex/oberdiek/rerunfilecheck.sty
Package: rerunfilecheck 2011/04/15 v1.7 Rerun checks for auxiliary files (HO)
Package uniquecounter Info: New unique counter `rerunfilecheck' on input line 2
82.
)
\Hy@SectionHShift=\skip53
)
(/usr/local/texlive/2013/texmf-dist/tex/latex/oberdiek/hypcap.sty
Package: hypcap 2011/02/16 v1.11 Adjusting the anchors of captions (HO)
)
(/usr/local/texlive/2013/texmf-dist/tex/latex/listings/listings.sty
\lst@mode=\count119
\lst@gtempboxa=\box31
\lst@token=\toks30
\lst@length=\count120
\lst@currlwidth=\dimen123
\lst@column=\count121
\lst@pos=\count122
\lst@lostspace=\dimen124
\lst@width=\dimen125
\lst@newlines=\count123
\lst@lineno=\count124
\lst@maxwidth=\dimen126

(/usr/local/texlive/2013/texmf-dist/tex/latex/listings/lstmisc.sty
File: lstmisc.sty 2007/02/22 1.4 (Carsten Heinz)
\c@lstnumber=\count125
\lst@skipnumbers=\count126
\lst@framebox=\box32
)
(/usr/local/texlive/2013/texmf-dist/tex/latex/listings/listings.cfg
File: listings.cfg 2007/02/22 1.4 listings configuration
))
Package: listings 2007/02/22 1.4 (Carsten Heinz)

(/usr/local/texlive/2013/texmf-dist/tex/latex/tools/longtable.sty
Package: longtable 2004/02/01 v4.11 Multi-page Table package (DPC)
\LTleft=\skip54
\LTright=\skip55
\LTpre=\skip56
\LTpost=\skip57
\LTchunksize=\count127
\LTcapwidth=\dimen127
\LT@head=\box33
\LT@firsthead=\box34
\LT@foot=\box35
\LT@lastfoot=\box36
\LT@cols=\count128
\LT@rows=\count129
\c@LT@tables=\count130
\c@LT@chunks=\count131
\LT@p@ftn=\toks31
)
(/usr/local/texlive/2013/texmf-dist/tex/latex/multirow/multirow.sty
\bigstrutjot=\dimen128
)
(/usr/local/texlive/2013/texmf-dist/tex/latex/oberdiek/pdflscape.sty
Package: pdflscape 2008/08/11 v0.10 Display of landscape pages in PDF (HO)

(/usr/local/texlive/2013/texmf-dist/tex/latex/graphics/lscape.sty
Package: lscape 2000/10/22 v3.01 Landscape Pages (DPC)
)
Package pdflscape Info: Auto-detected driver: pdftex on input line 80.
)
(/usr/local/texlive/2013/texmf-dist/tex/latex/pgf/basiclayer/pgf.sty
(/usr/local/texlive/2013/texmf-dist/tex/latex/pgf/utilities/pgfrcs.sty
(/usr/local/texlive/2013/texmf-dist/tex/generic/pgf/utilities/pgfutil-common.te
x
\pgfutil@everybye=\toks32
)
(/usr/local/texlive/2013/texmf-dist/tex/generic/pgf/utilities/pgfutil-latex.def
\pgfutil@abb=\box37
(/usr/local/texlive/2013/texmf-dist/tex/latex/ms/everyshi.sty
Package: everyshi 2001/05/15 v3.00 EveryShipout Package (MS)
))
(/usr/local/texlive/2013/texmf-dist/tex/generic/pgf/utilities/pgfrcs.code.tex
Package: pgfrcs 2010/10/25 v2.10 (rcs-revision 1.24)
))
Package: pgf 2008/01/15 v2.10 (rcs-revision 1.12)
(/usr/local/texlive/2013/texmf-dist/tex/latex/pgf/basiclayer/pgfcore.sty
(/usr/local/texlive/2013/texmf-dist/tex/latex/pgf/systemlayer/pgfsys.sty
(/usr/local/texlive/2013/texmf-dist/tex/generic/pgf/systemlayer/pgfsys.code.tex
Package: pgfsys 2010/06/30 v2.10 (rcs-revision 1.37)
(/usr/local/texlive/2013/texmf-dist/tex/generic/pgf/utilities/pgfkeys.code.tex
\pgfkeys@pathtoks=\toks33
\pgfkeys@temptoks=\toks34

(/usr/local/texlive/2013/texmf-dist/tex/generic/pgf/utilities/pgfkeysfiltered.c
ode.tex
\pgfkeys@tmptoks=\toks35
))
\pgf@x=\dimen129
\pgf@y=\dimen130
\pgf@xa=\dimen131
\pgf@ya=\dimen132
\pgf@xb=\dimen133
\pgf@yb=\dimen134
\pgf@xc=\dimen135
\pgf@yc=\dimen136
\w@pgf@writea=\write3
\r@pgf@reada=\read1
\c@pgf@counta=\count132
\c@pgf@countb=\count133
\c@pgf@countc=\count134
\c@pgf@countd=\count135

(/usr/local/texlive/2013/texmf-dist/tex/generic/pgf/systemlayer/pgf.cfg
File: pgf.cfg 2008/05/14  (rcs-revision 1.7)
)
Package pgfsys Info: Driver file for pgf: pgfsys-pdftex.def on input line 900.

(/usr/local/texlive/2013/texmf-dist/tex/generic/pgf/systemlayer/pgfsys-pdftex.d
ef
File: pgfsys-pdftex.def 2009/05/22  (rcs-revision 1.26)

(/usr/local/texlive/2013/texmf-dist/tex/generic/pgf/systemlayer/pgfsys-common-p
df.def
File: pgfsys-common-pdf.def 2008/05/19  (rcs-revision 1.10)
)))
(/usr/local/texlive/2013/texmf-dist/tex/generic/pgf/systemlayer/pgfsyssoftpath.
code.tex
File: pgfsyssoftpath.code.tex 2008/07/18  (rcs-revision 1.7)
\pgfsyssoftpath@smallbuffer@items=\count136
\pgfsyssoftpath@bigbuffer@items=\count137
)
(/usr/local/texlive/2013/texmf-dist/tex/generic/pgf/systemlayer/pgfsysprotocol.
code.tex
File: pgfsysprotocol.code.tex 2006/10/16  (rcs-revision 1.4)
)) (/usr/local/texlive/2013/texmf-dist/tex/latex/xcolor/xcolor.sty
Package: xcolor 2007/01/21 v2.11 LaTeX color extensions (UK)

(/usr/local/texlive/2013/texmf-dist/tex/latex/latexconfig/color.cfg
File: color.cfg 2007/01/18 v1.5 color configuration of teTeX/TeXLive
)
Package xcolor Info: Driver file: pdftex.def on input line 225.
Package xcolor Info: Model `cmy' substituted by `cmy0' on input line 1337.
Package xcolor Info: Model `hsb' substituted by `rgb' on input line 1341.
Package xcolor Info: Model `RGB' extended on input line 1353.
Package xcolor Info: Model `HTML' substituted by `rgb' on input line 1355.
Package xcolor Info: Model `Hsb' substituted by `hsb' on input line 1356.
Package xcolor Info: Model `tHsb' substituted by `hsb' on input line 1357.
Package xcolor Info: Model `HSB' substituted by `hsb' on input line 1358.
Package xcolor Info: Model `Gray' substituted by `gray' on input line 1359.
Package xcolor Info: Model `wave' substituted by `hsb' on input line 1360.
)
(/usr/local/texlive/2013/texmf-dist/tex/generic/pgf/basiclayer/pgfcore.code.tex
Package: pgfcore 2010/04/11 v2.10 (rcs-revision 1.7)
(/usr/local/texlive/2013/texmf-dist/tex/generic/pgf/math/pgfmath.code.tex
(/usr/local/texlive/2013/texmf-dist/tex/generic/pgf/math/pgfmathcalc.code.tex
(/usr/local/texlive/2013/texmf-dist/tex/generic/pgf/math/pgfmathutil.code.tex)
(/usr/local/texlive/2013/texmf-dist/tex/generic/pgf/math/pgfmathparser.code.tex
\pgfmath@dimen=\dimen137
\pgfmath@count=\count138
\pgfmath@box=\box38
\pgfmath@toks=\toks36
\pgfmath@stack@operand=\toks37
\pgfmath@stack@operation=\toks38
)
(/usr/local/texlive/2013/texmf-dist/tex/generic/pgf/math/pgfmathfunctions.code.
tex
(/usr/local/texlive/2013/texmf-dist/tex/generic/pgf/math/pgfmathfunctions.basic
.code.tex)
(/usr/local/texlive/2013/texmf-dist/tex/generic/pgf/math/pgfmathfunctions.trigo
nometric.code.tex)
(/usr/local/texlive/2013/texmf-dist/tex/generic/pgf/math/pgfmathfunctions.rando
m.code.tex)
(/usr/local/texlive/2013/texmf-dist/tex/generic/pgf/math/pgfmathfunctions.compa
rison.code.tex)
(/usr/local/texlive/2013/texmf-dist/tex/generic/pgf/math/pgfmathfunctions.base.
code.tex)
(/usr/local/texlive/2013/texmf-dist/tex/generic/pgf/math/pgfmathfunctions.round
.code.tex)
(/usr/local/texlive/2013/texmf-dist/tex/generic/pgf/math/pgfmathfunctions.misc.
code.tex)))
(/usr/local/texlive/2013/texmf-dist/tex/generic/pgf/math/pgfmathfloat.code.tex
\c@pgfmathroundto@lastzeros=\count139
))
(/usr/local/texlive/2013/texmf-dist/tex/generic/pgf/basiclayer/pgfcorepoints.co
de.tex
File: pgfcorepoints.code.tex 2010/04/09  (rcs-revision 1.20)
\pgf@picminx=\dimen138
\pgf@picmaxx=\dimen139
\pgf@picminy=\dimen140
\pgf@picmaxy=\dimen141
\pgf@pathminx=\dimen142
\pgf@pathmaxx=\dimen143
\pgf@pathminy=\dimen144
\pgf@pathmaxy=\dimen145
\pgf@xx=\dimen146
\pgf@xy=\dimen147
\pgf@yx=\dimen148
\pgf@yy=\dimen149
\pgf@zx=\dimen150
\pgf@zy=\dimen151
)
(/usr/local/texlive/2013/texmf-dist/tex/generic/pgf/basiclayer/pgfcorepathconst
ruct.code.tex
File: pgfcorepathconstruct.code.tex 2010/08/03  (rcs-revision 1.24)
\pgf@path@lastx=\dimen152
\pgf@path@lasty=\dimen153
)
(/usr/local/texlive/2013/texmf-dist/tex/generic/pgf/basiclayer/pgfcorepathusage
.code.tex
File: pgfcorepathusage.code.tex 2008/04/22  (rcs-revision 1.12)
\pgf@shorten@end@additional=\dimen154
\pgf@shorten@start@additional=\dimen155
)
(/usr/local/texlive/2013/texmf-dist/tex/generic/pgf/basiclayer/pgfcorescopes.co
de.tex
File: pgfcorescopes.code.tex 2010/09/08  (rcs-revision 1.34)
\pgfpic=\box39
\pgf@hbox=\box40
\pgf@layerbox@main=\box41
\pgf@picture@serial@count=\count140
)
(/usr/local/texlive/2013/texmf-dist/tex/generic/pgf/basiclayer/pgfcoregraphicst
ate.code.tex
File: pgfcoregraphicstate.code.tex 2008/04/22  (rcs-revision 1.9)
\pgflinewidth=\dimen156
)
(/usr/local/texlive/2013/texmf-dist/tex/generic/pgf/basiclayer/pgfcoretransform
ations.code.tex
File: pgfcoretransformations.code.tex 2009/06/10  (rcs-revision 1.11)
\pgf@pt@x=\dimen157
\pgf@pt@y=\dimen158
\pgf@pt@temp=\dimen159
)
(/usr/local/texlive/2013/texmf-dist/tex/generic/pgf/basiclayer/pgfcorequick.cod
e.tex
File: pgfcorequick.code.tex 2008/10/09  (rcs-revision 1.3)
)
(/usr/local/texlive/2013/texmf-dist/tex/generic/pgf/basiclayer/pgfcoreobjects.c
ode.tex
File: pgfcoreobjects.code.tex 2006/10/11  (rcs-revision 1.2)
)
(/usr/local/texlive/2013/texmf-dist/tex/generic/pgf/basiclayer/pgfcorepathproce
ssing.code.tex
File: pgfcorepathprocessing.code.tex 2008/10/09  (rcs-revision 1.8)
)
(/usr/local/texlive/2013/texmf-dist/tex/generic/pgf/basiclayer/pgfcorearrows.co
de.tex
File: pgfcorearrows.code.tex 2008/04/23  (rcs-revision 1.11)
)
(/usr/local/texlive/2013/texmf-dist/tex/generic/pgf/basiclayer/pgfcoreshade.cod
e.tex
File: pgfcoreshade.code.tex 2008/11/23  (rcs-revision 1.13)
\pgf@max=\dimen160
\pgf@sys@shading@range@num=\count141
)
(/usr/local/texlive/2013/texmf-dist/tex/generic/pgf/basiclayer/pgfcoreimage.cod
e.tex
File: pgfcoreimage.code.tex 2010/03/25  (rcs-revision 1.16)

(/usr/local/texlive/2013/texmf-dist/tex/generic/pgf/basiclayer/pgfcoreexternal.
code.tex
File: pgfcoreexternal.code.tex 2010/09/01  (rcs-revision 1.17)
\pgfexternal@startupbox=\box42
))
(/usr/local/texlive/2013/texmf-dist/tex/generic/pgf/basiclayer/pgfcorelayers.co
de.tex
File: pgfcorelayers.code.tex 2010/08/27  (rcs-revision 1.2)
)
(/usr/local/texlive/2013/texmf-dist/tex/generic/pgf/basiclayer/pgfcoretranspare
ncy.code.tex
File: pgfcoretransparency.code.tex 2008/01/17  (rcs-revision 1.2)
)
(/usr/local/texlive/2013/texmf-dist/tex/generic/pgf/basiclayer/pgfcorepatterns.
code.tex
File: pgfcorepatterns.code.tex 2009/07/02  (rcs-revision 1.3)
)))
(/usr/local/texlive/2013/texmf-dist/tex/generic/pgf/modules/pgfmoduleshapes.cod
e.tex
File: pgfmoduleshapes.code.tex 2010/09/09  (rcs-revision 1.13)
\pgfnodeparttextbox=\box43
)
(/usr/local/texlive/2013/texmf-dist/tex/generic/pgf/modules/pgfmoduleplot.code.
tex
File: pgfmoduleplot.code.tex 2010/10/22  (rcs-revision 1.8)
)
(/usr/local/texlive/2013/texmf-dist/tex/latex/pgf/compatibility/pgfcomp-version
-0-65.sty
Package: pgfcomp-version-0-65 2007/07/03 v2.10 (rcs-revision 1.7)
\pgf@nodesepstart=\dimen161
\pgf@nodesepend=\dimen162
)
(/usr/local/texlive/2013/texmf-dist/tex/latex/pgf/compatibility/pgfcomp-version
-1-18.sty
Package: pgfcomp-version-1-18 2007/07/23 v2.10 (rcs-revision 1.1)
)) (/usr/local/texlive/2013/texmf-dist/tex/latex/psnfss/pifont.sty
Package: pifont 2005/04/12 PSNFSS-v9.2a Pi font support (SPQR) 
LaTeX Font Info:    Try loading font information for U+pzd on input line 63.

(/usr/local/texlive/2013/texmf-dist/tex/latex/psnfss/upzd.fd
File: upzd.fd 2001/06/04 font definitions for U/pzd.
)
LaTeX Font Info:    Try loading font information for U+psy on input line 64.

(/usr/local/texlive/2013/texmf-dist/tex/latex/psnfss/upsy.fd
File: upsy.fd 2001/06/04 font definitions for U/psy.
))
(/usr/local/texlive/2013/texmf-dist/tex/latex/qtree/qtree.sty
Package: 2008/12/12 v.3.1bQtree: tree-drawing for linguistics
Package: qtree 2008/12/12 v.3.1bQtree: tree-drawing for linguistics
(/usr/local/texlive/2013/texmf-dist/tex/latex/pict2e/pict2e.sty
Package: pict2e 2011/04/05 v0.2y Improved picture commands (HjG,RN,JT)

(/usr/local/texlive/2013/texmf-dist/tex/latex/pict2e/pict2e.cfg
File: pict2e.cfg 2011/04/05 v0.1t pict2e configuration for teTeX/TeXLive
)
Package pict2e Info: Driver file: pdftex.def on input line 119.
Package pict2e Info: Driver file for pict2e: p2e-pdftex.def on input line 121.

(/usr/local/texlive/2013/texmf-dist/tex/latex/pict2e/p2e-pdftex.def
File: p2e-pdftex.def 2011/04/05 v0.1t Driver-dependant file (RN,HjG,JT)
)
\pIIe@GRAPH=\toks39
\@arclen=\dimen163
\@arcrad=\dimen164
\@tempdimd=\dimen165
)
\c@treecount=\count142
\c@branchcount=\count143
\parentbox=\box44
\treebox=\box45
\treeboxone=\box46
\treeboxtwo=\box47
\treeboxthree=\box48
\treeboxfour=\box49
\treeboxfive=\box50
\treeboxsix=\box51
\treeboxseven=\box52
\treeboxeight=\box53
\treeboxnine=\box54
\treeboxten=\box55
\treeboxeleven=\box56
\treeboxtwelve=\box57
\treeboxthirteen=\box58
\treeboxfourteen=\box59
\treeboxfifteen=\box60
\treeboxsixteen=\box61
\treeboxseventeen=\box62
\treeboxeighteen=\box63
\treeboxnineteen=\box64
\treeboxtwenty=\box65
\treeoffsetone=\skip58
\treeoffsettwo=\skip59
\treeoffsetthree=\skip60
\treeoffsetfour=\skip61
\treeoffsetfive=\skip62
\treeoffsetsix=\skip63
\treeoffsetseven=\skip64
\treeoffseteight=\skip65
\treeoffsetnine=\skip66
\treeoffsetten=\skip67
\treeoffseteleven=\skip68
\treeoffsettwelve=\skip69
\treeoffsetthirteen=\skip70
\treeoffsetfourteen=\skip71
\treeoffsetfifteen=\skip72
\treeoffsetsixteen=\skip73
\treeoffsetseventeen=\skip74
\treeoffseteighteen=\skip75
\treeoffsetnineteen=\skip76
\treeoffsettwenty=\skip77
\treeshiftone=\skip78
\treeshifttwo=\skip79
\treeshiftthree=\skip80
\treeshiftfour=\skip81
\treeshiftfive=\skip82
\treeshiftsix=\skip83
\treeshiftseven=\skip84
\treeshifteight=\skip85
\treeshiftnine=\skip86
\treeshiftten=\skip87
\treeshifteleven=\skip88
\treeshifttwelve=\skip89
\treeshiftthirteen=\skip90
\treeshiftfourteen=\skip91
\treeshiftfifteen=\skip92
\treeshiftsixteen=\skip93
\treeshiftseventeen=\skip94
\treeshifteighteen=\skip95
\treeshiftnineteen=\skip96
\treeshifttwenty=\skip97
\treewidthone=\skip98
\treewidthtwo=\skip99
\treewidththree=\skip100
\treewidthfour=\skip101
\treewidthfive=\skip102
\treewidthsix=\skip103
\treewidthseven=\skip104
\treewidtheight=\skip105
\treewidthnine=\skip106
\treewidthten=\skip107
\treewidtheleven=\skip108
\treewidthtwelve=\skip109
\treewidththirteen=\skip110
\treewidthfourteen=\skip111
\treewidthfifteen=\skip112
\treewidthsixteen=\skip113
\treewidthseventeen=\skip114
\treewidtheighteen=\skip115
\treewidthnineteen=\skip116
\treewidthtwenty=\skip117
\daughteroffsetone=\skip118
\daughteroffsettwo=\skip119
\daughteroffsetthree=\skip120
\daughteroffsetfour=\skip121
\branchwidthone=\skip122
\branchwidthtwo=\skip123
\branchwidththree=\skip124
\branchwidthfour=\skip125
\parentoffset=\skip126
\treeoffset=\skip127
\daughteroffset=\skip128
\branchwidth=\skip129
\parentwidth=\skip130
\treewidth=\skip131
\qta=\toks40
\qtb=\toks41
\nbranches=\count144
\qroofx=\count145
\qroofy=\count146
\@qrscratchbox=\box66
)
(/usr/local/texlive/2013/texmf-dist/tex/latex/rccol/rccol.sty
Package: rccol 2005/05/17 v1.2c right-centered columns

(/usr/local/texlive/2013/texmf-dist/tex/latex/tools/array.sty
Package: array 2008/09/09 v2.4c Tabular extension package (FMi)
\col@sep=\dimen166
\extrarowheight=\dimen167
\NC@list=\toks42
\extratabsurround=\skip132
\backup@length=\skip133
)
(/usr/local/texlive/2013/texmf-dist/tex/generic/fltpoint/fltpoint.sty
Package: fltpoint 2004/11/12 v1.1b floating point arithmetic

(/usr/local/texlive/2013/texmf-dist/tex/generic/fltpoint/fltpoint.tex
\fp@loopcount=\count147
\fp@loopcountii=\count148
\fp@result=\count149
\fp@carryover=\count150
\fp@tempcount=\count151
\fp@tempcountii=\count152
))
\rc@preskip=\dimen168
\rc@postskip=\dimen169
\rc@digits=\toks43
\rc@preothertoks=\toks44
\rc@postothertoks=\toks45
)
(/usr/local/texlive/2013/texmf-dist/tex/latex/rotating/rotating.sty
Package: rotating 2009/03/28 v2.16a rotated objects in LaTeX
\c@r@tfl@t=\count153
\rotFPtop=\skip134
\rotFPbot=\skip135
\rot@float@box=\box67
\rot@mess@toks=\toks46
)
(/usr/local/texlive/2013/texmf-dist/tex/latex/setspace/setspace.sty
Package: setspace 2011/12/19 v6.7a set line spacing
)
(./style/bib.sty
Package: style/bib 

(/usr/local/texlive/2013/texmf-dist/tex/latex/natbib/natbib.sty
Package: natbib 2010/09/13 8.31b (PWD, AO)
\bibhang=\skip136
\bibsep=\skip137
LaTeX Info: Redefining \cite on input line 694.
\c@NAT@ctr=\count154
))
(/usr/local/texlive/2013/texmf-dist/tex/latex/base/fixltx2e.sty
Package: fixltx2e 2006/09/13 v1.1m fixes to LaTeX
LaTeX Info: Redefining \em on input line 420.
LaTeX Info: The control sequence `\[' is already robust on input line 471.
LaTeX Info: The control sequence `\]' is already robust on input line 472.
)
(/usr/local/texlive/2013/texmf-dist/tex/latex/subfig/subfig.sty
Package: subfig 2005/06/28 ver: 1.3 subfig package

(/usr/local/texlive/2013/texmf-dist/tex/latex/caption/caption.sty
Package: caption 2013/05/02 v3.3-89 Customizing captions (AR)

(/usr/local/texlive/2013/texmf-dist/tex/latex/caption/caption3.sty
Package: caption3 2013/05/02 v1.6-88 caption3 kernel (AR)
Package caption3 Info: TeX engine: e-TeX on input line 57.
\captionmargin=\dimen170
\captionmargin@=\dimen171
\captionwidth=\dimen172
\caption@tempdima=\dimen173
\caption@indent=\dimen174
\caption@parindent=\dimen175
\caption@hangindent=\dimen176
Package caption Info: Unknown document class (or package),
(caption)             standard defaults will be used.
)

Package caption Warning: Unsupported document class (or package) detected,
(caption)                usage of the caption package is not recommended.
See the caption package documentation for explanation.

Package caption Info: \@makecaption = \long macro:#1#2->\setbox \@tempboxa \vbo
x {\color@setgroup \advance \hsize -2\captionindent \noindent \@captionfont \@c
aptionheadfont #1\@xp \@ifnotempty \@xp {\@cdr #2\@nil }{:\@captionfont \upshap
e \enspace #2}\unskip \kern -2\captionindent \par \global \setbox \@ne \lastbox
 \color@endgroup }\ifhbox \@ne \setbox \@ne \hbox {\unhbox \@ne \unskip \unskip
 \unpenalty \unkern }\fi \ifdim \wd \@tempboxa =\z@ \setbox \@ne \hbox to\colum
nwidth {\hss \kern -2\captionindent \box \@ne \hss }\else \setbox \@ne \vbox {\
unvbox \@tempboxa \parskip \z@skip \noindent \unhbox \@ne \advance \hsize -2\ca
ptionindent \par }\fi \ifnum \@tempcnta <64 \addvspace \abovecaptionskip \hbox 
to\hsize {\kern \captionindent \box \@ne \hss }\else \addvspace \abovecaptionsk
ip \hbox to\hsize {\kern \captionindent \box \@ne \hss }\nobreak \vskip \belowc
aptionskip \fi \relax .
Package caption Info: AMS or SMF document class.
\c@ContinuedFloat=\count155
Package caption Info: float package is loaded.
Package caption Info: hyperref package is loaded.
Package caption Info: hypcap package is loaded.
Package caption Info: listings package is loaded.
Package caption Info: longtable package is loaded.
(/usr/local/texlive/2013/texmf-dist/tex/latex/caption/ltcaption.sty
Package: ltcaption 2013/02/03 v1.3-62 longtable captions (AR)
)
Package caption Info: rotating package is loaded.
)
\c@KVtest=\count156
\sf@farskip=\skip138
\sf@captopadj=\dimen177
\sf@capskip=\skip139
\sf@nearskip=\skip140
\c@subfigure=\count157
\c@subfigure@save=\count158
\c@lofdepth=\count159
\c@subtable=\count160
\c@subtable@save=\count161
\c@lotdepth=\count162
\sf@top=\skip141
\sf@bottom=\skip142
)
(/usr/local/texlive/2013/texmf-dist/tex/latex/tools/tabularx.sty
Package: tabularx 1999/01/07 v2.07 `tabularx' package (DPC)
\TX@col@width=\dimen178
\TX@old@table=\dimen179
\TX@old@col=\dimen180
\TX@target=\dimen181
\TX@delta=\dimen182
\TX@cols=\count163
\TX@ftn=\toks47
)
(/usr/local/texlive/2013/texmf-dist/tex/latex/tipa/tipa.sty
Package: tipa 2002/08/08 TIPA version 1.1

(/usr/local/texlive/2013/texmf-dist/tex/latex/base/fontenc.sty
Package: fontenc 2005/09/27 v1.99g Standard LaTeX package

(/usr/local/texlive/2013/texmf-dist/tex/latex/tipa/t3enc.def
File: t3enc.def 2001/12/31 T3 encoding
LaTeX Font Info:    Try loading font information for T1+phv on input line 357.

(/usr/local/texlive/2013/texmf-dist/tex/latex/psnfss/t1phv.fd
File: t1phv.fd 2001/06/04 scalable font definitions for T1/phv.
))
(/usr/local/texlive/2013/texmf-dist/tex/latex/base/t1enc.def
File: t1enc.def 2005/09/27 v1.99g Standard LaTeX file
LaTeX Font Info:    Redeclaring font encoding T1 on input line 43.
)))
(/usr/local/texlive/2013/texmf-dist/tex/latex/wrapfig/wrapfig.sty
\wrapoverhang=\dimen183
\WF@size=\dimen184
\c@WF@wrappedlines=\count164
\WF@box=\box68
\WF@everypar=\toks48
Package: wrapfig 2003/01/31  v 3.6
)
(/usr/local/texlive/2013/texmf-dist/tex/latex/tools/xspace.sty
Package: xspace 2009/10/20 v1.13 Space after command names (DPC,MH)
)
(./morenames.tex) (./thesisTemplate.aux)
\openout1 = `thesisTemplate.aux'.

LaTeX Font Info:    Checking defaults for OML/cmm/m/it on input line 83.
LaTeX Font Info:    ... okay on input line 83.
LaTeX Font Info:    Checking defaults for T1/cmr/m/n on input line 83.
LaTeX Font Info:    ... okay on input line 83.
LaTeX Font Info:    Checking defaults for OT1/cmr/m/n on input line 83.
LaTeX Font Info:    ... okay on input line 83.
LaTeX Font Info:    Checking defaults for OMS/cmsy/m/n on input line 83.
LaTeX Font Info:    ... okay on input line 83.
LaTeX Font Info:    Checking defaults for OMX/cmex/m/n on input line 83.
LaTeX Font Info:    ... okay on input line 83.
LaTeX Font Info:    Checking defaults for U/cmr/m/n on input line 83.
LaTeX Font Info:    ... okay on input line 83.
LaTeX Font Info:    Checking defaults for TS1/cmr/m/n on input line 83.
LaTeX Font Info:    Try loading font information for TS1+cmr on input line 83.

(/usr/local/texlive/2013/texmf-dist/tex/latex/base/ts1cmr.fd
File: ts1cmr.fd 1999/05/25 v2.5h Standard LaTeX font definitions
)
LaTeX Font Info:    ... okay on input line 83.
LaTeX Font Info:    Checking defaults for PD1/pdf/m/n on input line 83.
LaTeX Font Info:    ... okay on input line 83.
LaTeX Font Info:    Checking defaults for T3/cmr/m/n on input line 83.
LaTeX Font Info:    Try loading font information for T3+cmr on input line 83.

(/usr/local/texlive/2013/texmf-dist/tex/latex/tipa/t3cmr.fd
File: t3cmr.fd 2001/12/31 TIPA font definitions
)
LaTeX Font Info:    ... okay on input line 83.
LaTeX Font Info:    Try loading font information for T1+ptm on input line 83.

(/usr/local/texlive/2013/texmf-dist/tex/latex/psnfss/t1ptm.fd
File: t1ptm.fd 2001/06/04 font definitions for T1/ptm.
)
LaTeX Font Info:    Try loading font information for U+msa on input line 83.

(/usr/local/texlive/2013/texmf-dist/tex/latex/amsfonts/umsa.fd
File: umsa.fd 2013/01/14 v3.01 AMS symbols A
)
LaTeX Font Info:    Try loading font information for U+msb on input line 83.

(/usr/local/texlive/2013/texmf-dist/tex/latex/amsfonts/umsb.fd
File: umsb.fd 2013/01/14 v3.01 AMS symbols B
)
(/usr/local/texlive/2013/texmf-dist/tex/context/base/supp-pdf.mkii
[Loading MPS to PDF converter (version 2006.09.02).]
\scratchcounter=\count165
\scratchdimen=\dimen185
\scratchbox=\box69
\nofMPsegments=\count166
\nofMParguments=\count167
\everyMPshowfont=\toks49
\MPscratchCnt=\count168
\MPscratchDim=\dimen186
\MPnumerator=\count169
\makeMPintoPDFobject=\count170
\everyMPtoPDFconversion=\toks50
) (/usr/local/texlive/2013/texmf-dist/tex/latex/oberdiek/epstopdf-base.sty
Package: epstopdf-base 2010/02/09 v2.5 Base part for package epstopdf

(/usr/local/texlive/2013/texmf-dist/tex/latex/oberdiek/grfext.sty
Package: grfext 2010/08/19 v1.1 Manage graphics extensions (HO)
)
Package grfext Info: Graphics extension search list:
(grfext)             [.png,.pdf,.jpg,.mps,.jpeg,.jbig2,.jb2,.PNG,.PDF,.JPG,.JPE
G,.JBIG2,.JB2,.eps]
(grfext)             \AppendGraphicsExtensions on input line 452.

(/usr/local/texlive/2013/texmf-dist/tex/latex/latexconfig/epstopdf-sys.cfg
File: epstopdf-sys.cfg 2010/07/13 v1.3 Configuration of (r)epstopdf for TeX Liv
e
))
\AtBeginShipoutBox=\box70
Package hyperref Info: Link coloring OFF on input line 83.

(/usr/local/texlive/2013/texmf-dist/tex/latex/hyperref/nameref.sty
Package: nameref 2012/10/27 v2.43 Cross-referencing by name of section

(/usr/local/texlive/2013/texmf-dist/tex/generic/oberdiek/gettitlestring.sty
Package: gettitlestring 2010/12/03 v1.4 Cleanup title references (HO)
)
\c@section@level=\count171
LaTeX Info: Redefining \Ref on input line 513.
)
LaTeX Info: Redefining \ref on input line 83.
LaTeX Info: Redefining \pageref on input line 83.
LaTeX Info: Redefining \nameref on input line 83.

(./thesisTemplate.out) (./thesisTemplate.out)
\@outlinefile=\write4
\openout4 = `thesisTemplate.out'.

LaTeX Info: Redefining \Ref on input line 83.
\c@lstlisting=\count172

ABD: EveryShipout initializing macros
Package caption Info: Begin \AtBeginDocument code.
Package caption Info: subfig package v1.3 is loaded.
Package caption Info: wrapfig package is loaded.
Package caption Info: End \AtBeginDocument code.
LaTeX Font Info:    Font shape `T1/ptm/bx/n' in size <17.28> not available
(Font)              Font shape `T1/ptm/b/n' tried instead on input line 88.
LaTeX Font Info:    Font shape `T1/ptm/bx/n' in size <24.88> not available
(Font)              Font shape `T1/ptm/b/n' tried instead on input line 88.

<style/usyd-primary-colour.pdf, id=177, 293.095pt x 101.37875pt>
File: style/usyd-primary-colour.pdf Graphic file (type pdf)

<use style/usyd-primary-colour.pdf>
Package pdftex.def Info: style/usyd-primary-colour.pdf used on input line 88.
(pdftex.def)             Requested size: 290.21811pt x 100.38382pt.
 [1


{/usr/local/texlive/2013/texmf-var/fonts/map/pdftex/updmap/pdftex.map} <./style
/usyd-primary-colour.pdf>]
(./00_Plagiarism.tex
Student Plagiarism: Compliance Statement
LaTeX Font Info:    Font shape `T1/ptm/bx/n' in size <10.95> not available
(Font)              Font shape `T1/ptm/b/n' tried instead on input line 1.
LaTeX Font Info:    Font shape `T1/ptm/bx/n' in size <14.4> not available
(Font)              Font shape `T1/ptm/b/n' tried instead on input line 1.
) [2




] (./00_Abstract.tex
Abstract
) [3




] (./00_Thanks.tex
Acknowledgements
) [4




]
\normalfont \scshape {Contents}
(./thesisTemplate.toc [5




])
\tf@toc=\write5
\openout5 = `thesisTemplate.toc'.

 [6]
List of Figures
(./thesisTemplate.lof [7


])
\tf@lof=\write6
\openout6 = `thesisTemplate.lof'.

 [8]
List of Tables
(./thesisTemplate.lot)
\tf@lot=\write7
\openout7 = `thesisTemplate.lot'.

 [9


] (./01_Introduction.tex
Chapter 1
LaTeX Font Info:    Try loading font information for T1+pcr on input line 8.
(/usr/local/texlive/2013/texmf-dist/tex/latex/psnfss/t1pcr.fd
File: t1pcr.fd 2001/06/04 font definitions for T1/pcr.
)
Underfull \vbox (badness 6493) has occurred while \output is active []

 [1




]
[2]) (./02_Literature.tex [3]
Chapter 2

Underfull \vbox (badness 4120) has occurred while \output is active []

 [4


]
<dag_example.pdf, id=405, 227.85126pt x 227.85126pt>
File: dag_example.pdf Graphic file (type pdf)
 <use dag_example.pdf>
Package pdftex.def Info: dag_example.pdf used on input line 17.
(pdftex.def)             Requested size: 199.16928pt x 199.17465pt.

Underfull \vbox (badness 10000) has occurred while \output is active []

 [5]
[6 <./dag_example.pdf>] [7]
Underfull \vbox (badness 10000) has occurred while \output is active []

 [8]
Underfull \vbox (badness 10000) has occurred while \output is active []

 [9]
Underfull \vbox (badness 10000) has occurred while \output is active []

 [10]
Underfull \vbox (badness 4242) has occurred while \output is active []

 [11]
Underfull \vbox (badness 10000) has occurred while \output is active []

 [12]
Underfull \vbox (badness 10000) has occurred while \output is active []

 [13]
[14]) (./03_DEWE_v1.tex [15]
Chapter 3

Underfull \vbox (badness 10000) has occurred while \output is active []

 [16


]
<montage.pdf, id=576, 1335.99126pt x 857.2025pt>
File: montage.pdf Graphic file (type pdf)
 <use montage.pdf>
Package pdftex.def Info: montage.pdf used on input line 33.
(pdftex.def)             Requested size: 275.97969pt x 199.16672pt.
 [17]
Underfull \vbox (badness 1762) has occurred while \output is active []

 [18 <./montage.pdf>] <toolkit.pdf, id=601, 453.695pt x 404.51125pt>
File: toolkit.pdf Graphic file (type pdf)
 <use toolkit.pdf>
Package pdftex.def Info: toolkit.pdf used on input line 52.
(pdftex.def)             Requested size: 227.62204pt x 202.94643pt.

<visual.pdf, id=603, 2098.84125pt x 863.225pt>
File: visual.pdf Graphic file (type pdf)
 <use visual.pdf>
Package pdftex.def Info: visual.pdf used on input line 63.
(pdftex.def)             Requested size: 455.24408pt x 187.23622pt.

<pattern.pdf, id=604, 2098.84125pt x 722.7pt>
File: pattern.pdf Graphic file (type pdf)
 <use pattern.pdf>
Package pdftex.def Info: pattern.pdf used on input line 70.
(pdftex.def)             Requested size: 455.24408pt x 156.7559pt.

Underfull \vbox (badness 4927) has occurred while \output is active []

 [19 <./toolkit.pdf>]
Underfull \vbox (badness 2073) has occurred while \output is active []

 [20 <./visual.pdf> <./pattern.pdf>]
Underfull \hbox (badness 10000) in paragraph at lines 91--91
[][]\T1/ptm/m/n/9 Parallware is the new source-to-source par-al-leliz-ing com-p
iler de-vel-oped by the Ap-pen-tra team
 []


Underfull \vbox (badness 10000) has occurred while \output is active []

 [21]
LaTeX Font Info:    Font shape `T1/ptm/bx/n' in size <12> not available
(Font)              Font shape `T1/ptm/b/n' tried instead on input line 94.

<fig01.pdf, id=739, 361.35pt x 216.81pt>
File: fig01.pdf Graphic file (type pdf)
 <use fig01.pdf>
Package pdftex.def Info: fig01.pdf used on input line 100.
(pdftex.def)             Requested size: 170.71652pt x 102.43002pt.


LaTeX Warning: Reference `sec:visualization' on page 22 undefined on input line
 113.

[22 <./fig01.pdf>]
LaTeX Font Info:    Try loading font information for TS1+ptm on input line 124.


(/usr/local/texlive/2013/texmf-dist/tex/latex/psnfss/ts1ptm.fd
File: ts1ptm.fd 2001/06/04 font definitions for TS1/ptm.
)

LaTeX Warning: Float too large for page by 85.09995pt on input line 177.


Overfull \hbox (36.17293pt too wide) in paragraph at lines 183--184
\T1/ptm/m/n/10.95 e-cuted in par-al-lel (lines 24-40) be-cause it com-putes in-
de-pen-dent val-ues \T1/ptm/m/it/10.95 corrs[i].acorrection\T1/ptm/m/n/10.95 , 
\T1/ptm/m/it/10.95 corrs[i].bcorrection
 []


Underfull \vbox (badness 10000) has occurred while \output is active []

 [23]
<fig02.pdf, id=852, 361.35pt x 217.81375pt>
File: fig02.pdf Graphic file (type pdf)
 <use fig02.pdf>
Package pdftex.def Info: fig02.pdf used on input line 197.
(pdftex.def)             Requested size: 188.80733pt x 113.81102pt.

<fig03.pdf, id=854, 361.35pt x 216.81pt>
File: fig03.pdf Graphic file (type pdf)
 <use fig03.pdf>
Package pdftex.def Info: fig03.pdf used on input line 210.
(pdftex.def)             Requested size: 170.71652pt x 102.43002pt.

<fig04.pdf, id=855, 361.35pt x 216.81pt>
File: fig04.pdf Graphic file (type pdf)
 <use fig04.pdf>
Package pdftex.def Info: fig04.pdf used on input line 217.
(pdftex.def)             Requested size: 170.71652pt x 102.43002pt.

<fig05.pdf, id=856, 361.35pt x 216.81pt>
File: fig05.pdf Graphic file (type pdf)
 <use fig05.pdf>
Package pdftex.def Info: fig05.pdf used on input line 224.
(pdftex.def)             Requested size: 170.71652pt x 102.43002pt.

<fig06.pdf, id=857, 361.35pt x 216.81pt>
File: fig06.pdf Graphic file (type pdf)
 <use fig06.pdf>
Package pdftex.def Info: fig06.pdf used on input line 231.
(pdftex.def)             Requested size: 170.71652pt x 102.43002pt.
 [24]
Overfull \hbox (26.22348pt too wide) in paragraph at lines 248--260
 [][] 
 []


Underfull \vbox (badness 10000) has occurred while \output is active []

 [25])
(./04_DEWE_v2.tex [26] [27] [28 <./fig02.pdf> <./fig03.pdf> <./fig04.pdf> <./fi
g05.pdf>] [29 <./fig06.pdf>]
Chapter 4

Overfull \hbox (10.63933pt too wide) in paragraph at lines 7--8
\T1/ptm/m/n/10.95 Many ap-pli-ca-tions in sci-ence and en-gi-neer-ing are in-cr
eas-ingly formed as work-flows with many precedence-
 []

File: montage.pdf Graphic file (type pdf)
<use montage.pdf>
Package pdftex.def Info: montage.pdf used on input line 14.
(pdftex.def)             Requested size: 275.97969pt x 199.16672pt.

Underfull \vbox (badness 4120) has occurred while \output is active []

 [30


]
<montage_visualization.pdf, id=1636, 2098.84125pt x 863.225pt>
File: montage_visualization.pdf Graphic file (type pdf)

<use montage_visualization.pdf>
Package pdftex.def Info: montage_visualization.pdf used on input line 22.
(pdftex.def)             Requested size: 455.24408pt x 187.23622pt.

Overfull \hbox (9.07628pt too wide) in paragraph at lines 22--23
 [][] 
 []

[31 <./montage_visualization.pdf>]
Underfull \vbox (badness 10000) has occurred while \output is active []

 [32]

LaTeX Warning: Reference `v2_sec:provision' on page 33 undefined on input line 
47.

[33] [34] <dewe_v2_architecture.pdf, id=1675, 562.1pt x 445.665pt>
File: dewe_v2_architecture.pdf Graphic file (type pdf)

<use dewe_v2_architecture.pdf>
Package pdftex.def Info: dewe_v2_architecture.pdf used on input line 75.
(pdftex.def)             Requested size: 199.16928pt x 157.90956pt.
 [35 <./dewe_v2_architecture.pdf>]
Underfull \vbox (badness 10000) has occurred while \output is active []

 [36]
Underfull \vbox (badness 10000) has occurred while \output is active []

 [37]
Underfull \hbox (badness 10000) in paragraph at lines 142--142
[]|\T1/ptm/m/n/10.95 Memory
 []


Underfull \hbox (badness 10000) in paragraph at lines 142--142
[]|\T1/ptm/m/n/10.95 Storage
 []


Underfull \hbox (badness 10000) in paragraph at lines 142--142
[]|\T1/ptm/m/n/10.95 Network
 []


Underfull \hbox (badness 10000) in paragraph at lines 142--142
[]|\T1/ptm/m/n/10.95 Hourly Price
 []


Underfull \hbox (badness 10000) in paragraph at lines 157--157
[]|\T1/ptm/m/n/10.95 Sequential
 []


Underfull \hbox (badness 10000) in paragraph at lines 157--157
[]|\T1/ptm/m/n/10.95 Random Read
 []


Underfull \hbox (badness 5771) in paragraph at lines 157--157
[]|\T1/ptm/m/n/10.95 Random Write
 []


Underfull \vbox (badness 10000) has occurred while \output is active []

 [38]
<benchmark_cpu.pdf, id=1712, 361.35pt x 216.81pt>
File: benchmark_cpu.pdf Graphic file (type pdf)
 <use benchmark_cpu.pdf>
Package pdftex.def Info: benchmark_cpu.pdf used on input line 178.
(pdftex.def)             Requested size: 170.71652pt x 102.43002pt.

<benchmark_mem.pdf, id=1713, 361.35pt x 216.81pt>
File: benchmark_mem.pdf Graphic file (type pdf)
 <use benchmark_mem.pdf>
Package pdftex.def Info: benchmark_mem.pdf used on input line 182.
(pdftex.def)             Requested size: 170.71652pt x 102.43002pt.

<benchmark_disk.pdf, id=1714, 361.35pt x 216.81pt>
File: benchmark_disk.pdf Graphic file (type pdf)
 <use benchmark_disk.pdf>
Package pdftex.def Info: benchmark_disk.pdf used on input line 186.
(pdftex.def)             Requested size: 170.71652pt x 102.43002pt.

[39] [40 <./benchmark_cpu.pdf> <./benchmark_mem.pdf> <./benchmark_disk.pdf>]
<compare_threads.pdf, id=2062, 361.35pt x 217.81375pt>
File: compare_threads.pdf Graphic file (type pdf)

<use compare_threads.pdf>
Package pdftex.def Info: compare_threads.pdf used on input line 214.
(pdftex.def)             Requested size: 170.71652pt x 102.90424pt.
 <compare_cpu.pdf, id=2063, 361.35pt x 217.81375pt>
File: compare_cpu.pdf Graphic file (type pdf)

<use compare_cpu.pdf>
Package pdftex.def Info: compare_cpu.pdf used on input line 218.
(pdftex.def)             Requested size: 170.71652pt x 102.90424pt.

<compare_disk_writes.pdf, id=2064, 361.35pt x 217.81375pt>
File: compare_disk_writes.pdf Graphic file (type pdf)

<use compare_disk_writes.pdf>
Package pdftex.def Info: compare_disk_writes.pdf used on input line 222.
(pdftex.def)             Requested size: 170.71652pt x 102.90424pt.

<multi_run_makespan.pdf, id=2065, 361.35pt x 217.81375pt>
File: multi_run_makespan.pdf Graphic file (type pdf)

<use multi_run_makespan.pdf>
Package pdftex.def Info: multi_run_makespan.pdf used on input line 234.
(pdftex.def)             Requested size: 170.71652pt x 102.90424pt.

<multi_run_cpu_time.pdf, id=2066, 371.3875pt x 217.81375pt>
File: multi_run_cpu_time.pdf Graphic file (type pdf)

<use multi_run_cpu_time.pdf>
Package pdftex.def Info: multi_run_cpu_time.pdf used on input line 238.
(pdftex.def)             Requested size: 170.71652pt x 100.12573pt.

<multi_run_disk_writes.pdf, id=2067, 361.35pt x 217.81375pt>
File: multi_run_disk_writes.pdf Graphic file (type pdf)

<use multi_run_disk_writes.pdf>
Package pdftex.def Info: multi_run_disk_writes.pdf used on input line 242.
(pdftex.def)             Requested size: 170.71652pt x 102.90424pt.

Underfull \vbox (badness 10000) has occurred while \output is active []

 [41]

LaTeX Warning: Text page 42 contains only floats.

[42 <./compare_threads.pdf> <./compare_cpu.pdf> <./compare_disk_writes.pdf> <./
multi_run_makespan.pdf> <./multi_run_cpu_time.pdf> <./multi_run_disk_writes.pdf
>]
Underfull \vbox (badness 10000) has occurred while \output is active []

 [43]
<dewe_v2_submission_intervals.pdf, id=2273, 393.47pt x 216.81pt>
File: dewe_v2_submission_intervals.pdf Graphic file (type pdf)

<use dewe_v2_submission_intervals.pdf>
Package pdftex.def Info: dewe_v2_submission_intervals.pdf used on input line 26
3.
(pdftex.def)             Requested size: 241.84842pt x 133.26291pt.
 [44 <./dewe_v2_submission_intervals.pdf>] [45] <dewe_v2_submission_cpu.pdf, id
=2315, 361.35pt x 216.81pt>
File: dewe_v2_submission_cpu.pdf Graphic file (type pdf)

<use dewe_v2_submission_cpu.pdf>
Package pdftex.def Info: dewe_v2_submission_cpu.pdf used on input line 295.
(pdftex.def)             Requested size: 170.71652pt x 102.43002pt.

<dewe_v2_submission_disk_writes.pdf, id=2316, 361.35pt x 216.81pt>
File: dewe_v2_submission_disk_writes.pdf Graphic file (type pdf)

<use dewe_v2_submission_disk_writes.pdf>
Package pdftex.def Info: dewe_v2_submission_disk_writes.pdf used on input line 
299.
(pdftex.def)             Requested size: 170.71652pt x 102.43002pt.

<dewe_v2_submission_disk_reads.pdf, id=2317, 361.35pt x 216.81pt>
File: dewe_v2_submission_disk_reads.pdf Graphic file (type pdf)

<use dewe_v2_submission_disk_reads.pdf>
Package pdftex.def Info: dewe_v2_submission_disk_reads.pdf used on input line 3
03.
(pdftex.def)             Requested size: 170.71652pt x 102.43002pt.

<10_runs_cpu.pdf, id=2318, 361.35pt x 217.81375pt>
File: 10_runs_cpu.pdf Graphic file (type pdf)
 <use 10_runs_cpu.pdf>
Package pdftex.def Info: 10_runs_cpu.pdf used on input line 313.
(pdftex.def)             Requested size: 170.71652pt x 102.90424pt.

<10_runs_disk_writes.pdf, id=2319, 361.35pt x 217.81375pt>
File: 10_runs_disk_writes.pdf Graphic file (type pdf)

<use 10_runs_disk_writes.pdf>
Package pdftex.def Info: 10_runs_disk_writes.pdf used on input line 317.
(pdftex.def)             Requested size: 170.71652pt x 102.90424pt.

<10_runs_disk_reads.pdf, id=2320, 361.35pt x 216.81pt>
File: 10_runs_disk_reads.pdf Graphic file (type pdf)

<use 10_runs_disk_reads.pdf>
Package pdftex.def Info: 10_runs_disk_reads.pdf used on input line 321.
(pdftex.def)             Requested size: 170.71652pt x 102.43002pt.
 <2_node_cpu.pdf, id=2321, 361.35pt x 217.81375pt>
File: 2_node_cpu.pdf Graphic file (type pdf)

<use 2_node_cpu.pdf>
Package pdftex.def Info: 2_node_cpu.pdf used on input line 337.
(pdftex.def)             Requested size: 170.71652pt x 102.90424pt.
 <2_node_disk_writes.pdf, id=2322, 361.35pt x 217.81375pt>
File: 2_node_disk_writes.pdf Graphic file (type pdf)

<use 2_node_disk_writes.pdf>
Package pdftex.def Info: 2_node_disk_writes.pdf used on input line 341.
(pdftex.def)             Requested size: 170.71652pt x 102.90424pt.

<2_node_disk_reads.pdf, id=2323, 361.35pt x 216.81pt>
File: 2_node_disk_reads.pdf Graphic file (type pdf)

<use 2_node_disk_reads.pdf>
Package pdftex.def Info: 2_node_disk_reads.pdf used on input line 345.
(pdftex.def)             Requested size: 170.71652pt x 102.43002pt.
 [46 <./dewe_v2_submission_cpu.pdf> <./dewe_v2_submission_disk_writes.pdf> <./d
ewe_v2_submission_disk_reads.pdf>]
Underfull \vbox (badness 10000) has occurred while \output is active []

 [47 <./10_runs_cpu.pdf> <./10_runs_disk_writes.pdf> <./10_runs_disk_reads.pdf>
]
<single_node_multi_runs.pdf, id=2523, 361.35pt x 217.81375pt>
File: single_node_multi_runs.pdf Graphic file (type pdf)

<use single_node_multi_runs.pdf>
Package pdftex.def Info: single_node_multi_runs.pdf used on input line 368.
(pdftex.def)             Requested size: 170.71652pt x 102.90424pt.

<multi_node_20_runs.pdf, id=2524, 361.35pt x 216.81pt>
File: multi_node_20_runs.pdf Graphic file (type pdf)

<use multi_node_20_runs.pdf>
Package pdftex.def Info: multi_node_20_runs.pdf used on input line 372.
(pdftex.def)             Requested size: 170.71652pt x 102.43002pt.

<performance_index.pdf, id=2525, 361.35pt x 217.81375pt>
File: performance_index.pdf Graphic file (type pdf)

<use performance_index.pdf>
Package pdftex.def Info: performance_index.pdf used on input line 376.
(pdftex.def)             Requested size: 170.71652pt x 102.90424pt.
 [48 <./2_node_cpu.pdf> <./2_node_disk_writes.pdf> <./2_node_disk_reads.pdf>]
Underfull \vbox (badness 3601) has occurred while \output is active []

 [49 <./single_node_multi_runs.pdf> <./multi_node_20_runs.pdf> <./performance_i
ndex.pdf>]
Overfull \hbox (12.10413pt too wide) in paragraph at lines 421--421
[]|\T1/ptm/m/n/10.95 Memory
 []


Overfull \hbox (7.84454pt too wide) in paragraph at lines 421--421
[]|\T1/ptm/m/n/10.95 Storage
 []


Underfull \hbox (badness 10000) in paragraph at lines 421--421
[]|\T1/ptm/m/n/10.95 Price
 []


Underfull \hbox (badness 10000) in paragraph at lines 421--421
\T1/ptm/m/n/10.95 (US-
 []


Overfull \hbox (5.8822pt too wide) in paragraph at lines 422--422
[]|\T1/ptm/m/n/10.95 c3.8xlarge| 
 []


Overfull \hbox (4.66678pt too wide) in paragraph at lines 423--423
[]|\T1/ptm/m/n/10.95 r3.8xlarge| 
 []


Overfull \hbox (4.06447pt too wide) in paragraph at lines 424--424
[]|\T1/ptm/m/n/10.95 i2.8xlarge| 
 []


Overfull \hbox (4.06447pt too wide) in paragraph at lines 425--425
[]|\T1/ptm/m/n/10.95 i2.8xlarge
 []


Underfull \vbox (badness 10000) has occurred while \output is active []

 [50]
<large_scale_cpu.pdf, id=2767, 361.35pt x 217.81375pt>
File: large_scale_cpu.pdf Graphic file (type pdf)

<use large_scale_cpu.pdf>
Package pdftex.def Info: large_scale_cpu.pdf used on input line 434.
(pdftex.def)             Requested size: 170.71652pt x 102.90424pt.

<large_scale_disk_writes.pdf, id=2768, 361.35pt x 217.81375pt>
File: large_scale_disk_writes.pdf Graphic file (type pdf)

<use large_scale_disk_writes.pdf>
Package pdftex.def Info: large_scale_disk_writes.pdf used on input line 438.
(pdftex.def)             Requested size: 170.71652pt x 102.90424pt.

<large_scale_disk_reads.pdf, id=2769, 361.35pt x 216.81pt>
File: large_scale_disk_reads.pdf Graphic file (type pdf)

<use large_scale_disk_reads.pdf>
Package pdftex.def Info: large_scale_disk_reads.pdf used on input line 443.
(pdftex.def)             Requested size: 170.71652pt x 102.43002pt.

<large_scale_runs.pdf, id=2770, 371.3875pt x 217.81375pt>
File: large_scale_runs.pdf Graphic file (type pdf)

<use large_scale_runs.pdf>
Package pdftex.def Info: large_scale_runs.pdf used on input line 454.
(pdftex.def)             Requested size: 170.71652pt x 100.12573pt.

<large_scale_performance_index.pdf, id=2771, 361.35pt x 216.81pt>
File: large_scale_performance_index.pdf Graphic file (type pdf)

<use large_scale_performance_index.pdf>
Package pdftex.def Info: large_scale_performance_index.pdf used on input line 4
58.
(pdftex.def)             Requested size: 170.71652pt x 102.43002pt.

<large_scale_price.pdf, id=2772, 361.35pt x 216.81pt>
File: large_scale_price.pdf Graphic file (type pdf)

<use large_scale_price.pdf>
Package pdftex.def Info: large_scale_price.pdf used on input line 462.
(pdftex.def)             Requested size: 170.71652pt x 102.43002pt.
 [51 <./large_scale_cpu.pdf> <./large_scale_disk_writes.pdf> <./large_scale_dis
k_reads.pdf>] [52 <./large_scale_runs.pdf> <./large_scale_performance_index.pdf
> <./large_scale_price.pdf>]
Underfull \vbox (badness 10000) has occurred while \output is active []

 [53]
Underfull \hbox (badness 10000) in paragraph at lines 495--495
[]|\T1/ptm/m/n/10.95 Compute
 []


Underfull \hbox (badness 10000) in paragraph at lines 495--495
[]|\T1/ptm/m/n/10.95 File
 []


Underfull \hbox (badness 10000) in paragraph at lines 495--495
[]|\T1/ptm/m/n/10.95 Compute-
 []


Underfull \hbox (badness 10000) in paragraph at lines 495--495
\T1/ptm/m/n/10.95 Storage
 []


Underfull \hbox (badness 10000) in paragraph at lines 495--495
[]|\T1/ptm/m/n/10.95 Measured
 []


Underfull \hbox (badness 10000) in paragraph at lines 495--495
\T1/ptm/m/n/10.95 Node
 []


Underfull \hbox (badness 10000) in paragraph at lines 495--495
\T1/ptm/m/n/10.95 Through-put
 []


Underfull \hbox (badness 10000) in paragraph at lines 496--496
[]|\T1/ptm/m/n/10.95 National En-ergy
 []


Underfull \hbox (badness 10000) in paragraph at lines 496--496
[]|\T1/ptm/m/n/10.95 Cray XT4
 []


Underfull \hbox (badness 10000) in paragraph at lines 496--496
\T1/ptm/m/n/10.95 MPP with
 []


Underfull \hbox (badness 10000) in paragraph at lines 496--496
\T1/ptm/m/n/10.95 38,128
 []


Underfull \hbox (badness 10000) in paragraph at lines 496--496
[]|\T1/ptm/m/n/10.95 96 stor-age
 []


Underfull \hbox (badness 10000) in paragraph at lines 496--496
[]|\T1/ptm/m/n/10.95 Cray
 []


Underfull \hbox (badness 10000) in paragraph at lines 496--496
\T1/ptm/m/n/10.95 SeaStar-
 []


Underfull \hbox (badness 10000) in paragraph at lines 497--497
[]|\T1/ptm/m/n/10.95 Oak Ridge Na-
 []


Underfull \hbox (badness 10000) in paragraph at lines 497--497
[]|\T1/ptm/m/n/10.95 Cray XT5
 []


Underfull \hbox (badness 2173) in paragraph at lines 497--497
\T1/ptm/m/n/10.95 with 18,680
 []


Underfull \hbox (badness 5161) in paragraph at lines 497--497
[]|\T1/ptm/m/n/10.95 672 stor-age
 []


Underfull \hbox (badness 10000) in paragraph at lines 497--497
[]|\T1/ptm/m/n/10.95 Cray
 []


Underfull \hbox (badness 10000) in paragraph at lines 497--497
\T1/ptm/m/n/10.95 SeaStar-
 []


Underfull \hbox (badness 10000) in paragraph at lines 498--498
[]|\T1/ptm/m/n/10.95 Lawrence Liv-
 []


Underfull \hbox (badness 10000) in paragraph at lines 498--498
\T1/ptm/m/n/10.95 er-more Na-tional
 []


Underfull \hbox (badness 10000) in paragraph at lines 498--498
[]|\T1/ptm/m/n/10.95 Itanium2
 []


Underfull \hbox (badness 10000) in paragraph at lines 498--498
\T1/ptm/m/n/10.95 with 1024
 []


Underfull \hbox (badness 10000) in paragraph at lines 498--498
[]|\T1/ptm/m/n/10.95 32 stor-age
 []


Underfull \hbox (badness 10000) in paragraph at lines 498--498
[]|\T1/ptm/m/n/10.95 Quadrics
 []


Underfull \hbox (badness 10000) in paragraph at lines 499--499
\T1/ptm/m/n/10.95 Na-tional Lab-o-ra-
 []


Underfull \hbox (badness 10000) in paragraph at lines 499--499
[]|\T1/ptm/m/n/10.95 24 IBM
 []


Underfull \hbox (badness 10000) in paragraph at lines 499--499
\T1/ptm/m/n/10.95 DS4300
 []


Underfull \hbox (badness 10000) in paragraph at lines 499--499
\T1/ptm/m/n/10.95 stor-age
 []


Underfull \hbox (badness 10000) in paragraph at lines 499--499
[]|\T1/ptm/m/n/10.95 IBM HPS
 []


Underfull \hbox (badness 10000) in paragraph at lines 500--500
\T1/ptm/m/n/10.95 Na-tional Lab-o-ra-
 []


Overfull \hbox (4.77266pt too wide) in paragraph at lines 500--500
[]|\T1/ptm/m/n/10.95 Jacquard| 
 []


Underfull \hbox (badness 10000) in paragraph at lines 500--500
[]|\T1/ptm/m/n/10.95 Opteron
 []


Underfull \hbox (badness 10000) in paragraph at lines 500--500
\T1/ptm/m/n/10.95 with 320
 []


Underfull \hbox (badness 5161) in paragraph at lines 500--500
[]|\T1/ptm/m/n/10.95 672 stor-age
 []


Underfull \hbox (badness 7064) in paragraph at lines 501--501
[]|\T1/ptm/m/n/10.95 Argonne Na-tional
 []


Underfull \hbox (badness 10000) in paragraph at lines 501--501
[]|\T1/ptm/m/n/10.95 BG/P with
 []


Underfull \hbox (badness 10000) in paragraph at lines 501--501
[]|\T1/ptm/m/n/10.95 16 IBM
 []


Underfull \hbox (badness 10000) in paragraph at lines 501--501
\T1/ptm/m/n/10.95 x3655 file
 []


Underfull \hbox (badness 7064) in paragraph at lines 502--502
[]|\T1/ptm/m/n/10.95 Argonne Na-tional
 []


Overfull \hbox (5.67088pt too wide) in paragraph at lines 502--502
[]|\T1/ptm/m/n/10.95 Surveyor| 
 []


Underfull \hbox (badness 10000) in paragraph at lines 502--502
[]|\T1/ptm/m/n/10.95 BG/P with
 []


Underfull \hbox (badness 10000) in paragraph at lines 502--502
[]|\T1/ptm/m/n/10.95 1 IBM
 []


Underfull \hbox (badness 10000) in paragraph at lines 502--502
\T1/ptm/m/n/10.95 x3655 file
 []

[54] [55]) (./06_Conclusion.tex [56]
Chapter 5
) [57


] (./thesisTemplate.bbl
Bibliography

Underfull \vbox (badness 10000) has occurred while \output is active []

 [58




]
Underfull \vbox (badness 10000) has occurred while \output is active []

 [59])
Package atveryend Info: Empty hook `BeforeClearDocument' on input line 161.

[60]
Package atveryend Info: Empty hook `AfterLastShipout' on input line 161.
 (./thesisTemplate.aux)
Package atveryend Info: Executing hook `AtVeryEndDocument' on input line 161.
Package atveryend Info: Executing hook `AtEndAfterFileList' on input line 161.
Package rerunfilecheck Info: File `thesisTemplate.out' has not changed.
(rerunfilecheck)             Checksum: FD933521F3ADFD881148B9394E9EE7DE;3286.


LaTeX Warning: There were undefined references.

Package atveryend Info: Empty hook `AtVeryVeryEnd' on input line 161.
 ) 
Here is how much of TeX's memory you used:
 19539 strings out of 493315
 318112 string characters out of 6137905
 431256 words of memory out of 5000000
 22007 multiletter control sequences out of 15000+600000
 77425 words of font info for 89 fonts, out of 8000000 for 9000
 1118 hyphenation exceptions out of 8191
 49i,10n,53p,2499b,1256s stack positions out of 5000i,500n,10000p,200000b,80000s
pdfTeX warning (dest): name{Hfootnote.10} has been referenced but does not ex
ist, replaced by a fixed one

pdfTeX warning (dest): name{Hfootnote.9} has been referenced but does not exist
, replaced by a fixed one

pdfTeX warning (dest): name{Hfootnote.8} has been referenced but does not exist
, replaced by a fixed one

pdfTeX warning (dest): name{Hfootnote.7} has been referenced but does not exist
, replaced by a fixed one

pdfTeX warning (dest): name{Hfootnote.6} has been referenced but does not exist
, replaced by a fixed one

pdfTeX warning (dest): name{Hfootnote.5} has been referenced but does not exist
, replaced by a fixed one

pdfTeX warning (dest): name{Hfootnote.4} has been referenced but does not exist
, replaced by a fixed one

pdfTeX warning (dest): name{Hfootnote.3} has been referenced but does not exist
, replaced by a fixed one

pdfTeX warning (dest): name{Hfootnote.2} has been referenced but does not exist
, replaced by a fixed one

pdfTeX warning (dest): name{Hfootnote.1} has been referenced but does not exist
, replaced by a fixed one

{/usr/local/texlive/2013/texmf-dist/fonts/enc/dvips/base/8r.enc}</usr/local/tex
live/2013/texmf-dist/fonts/type1/public/amsfonts/cm/cmmi10.pfb></usr/local/texl
ive/2013/texmf-dist/fonts/type1/public/amsfonts/cm/cmr10.pfb></usr/local/texliv
e/2013/texmf-dist/fonts/type1/public/amsfonts/cm/cmsy10.pfb></usr/local/texlive
/2013/texmf-dist/fonts/type1/urw/courier/ucrr8a.pfb></usr/local/texlive/2013/te
xmf-dist/fonts/type1/urw/times/utmb8a.pfb></usr/local/texlive/2013/texmf-dist/f
onts/type1/urw/times/utmr8a.pfb></usr/local/texlive/2013/texmf-dist/fonts/type1
/urw/times/utmri8a.pfb>
Output written on thesisTemplate.pdf (69 pages, 5170996 bytes).
PDF statistics:
 3142 PDF objects out of 3580 (max. 8388607)
 2328 compressed objects within 24 object streams
 270 named destinations out of 1000 (max. 500000)
 567 words of extra memory for PDF output out of 10000 (max. 10000000)

